<!DOCTYPE html>
<html>
  <head>
    <meta charset="utf-8"/>
    <title>Test Report</title>
    <link href="assets/style.css" rel="stylesheet" type="text/css"/></head>
  <body onLoad="init()">
    <script>/* This Source Code Form is subject to the terms of the Mozilla Public
 * License, v. 2.0. If a copy of the MPL was not distributed with this file,
 * You can obtain one at http://mozilla.org/MPL/2.0/. */


function toArray(iter) {
    if (iter === null) {
        return null;
    }
    return Array.prototype.slice.call(iter);
}

function find(selector, elem) {
    if (!elem) {
        elem = document;
    }
    return elem.querySelector(selector);
}

function find_all(selector, elem) {
    if (!elem) {
        elem = document;
    }
    return toArray(elem.querySelectorAll(selector));
}

function sort_column(elem) {
    toggle_sort_states(elem);
    var colIndex = toArray(elem.parentNode.childNodes).indexOf(elem);
    var key;
    if (elem.classList.contains('numeric')) {
        key = key_num;
    } else if (elem.classList.contains('result')) {
        key = key_result;
    } else {
        key = key_alpha;
    }
    sort_table(elem, key(colIndex));
}

function show_all_extras() {
    find_all('.col-result').forEach(show_extras);
}

function hide_all_extras() {
    find_all('.col-result').forEach(hide_extras);
}

function show_extras(colresult_elem) {
    var extras = colresult_elem.parentNode.nextElementSibling;
    var expandcollapse = colresult_elem.firstElementChild;
    extras.classList.remove("collapsed");
    expandcollapse.classList.remove("expander");
    expandcollapse.classList.add("collapser");
}

function hide_extras(colresult_elem) {
    var extras = colresult_elem.parentNode.nextElementSibling;
    var expandcollapse = colresult_elem.firstElementChild;
    extras.classList.add("collapsed");
    expandcollapse.classList.remove("collapser");
    expandcollapse.classList.add("expander");
}

function show_filters() {
    var filter_items = document.getElementsByClassName('filter');
    for (var i = 0; i < filter_items.length; i++)
        filter_items[i].hidden = false;
}

function add_collapse() {
    // Add links for show/hide all
    var resulttable = find('table#results-table');
    var showhideall = document.createElement("p");
    showhideall.innerHTML = '<a href="javascript:show_all_extras()">Show all details</a> / ' +
                            '<a href="javascript:hide_all_extras()">Hide all details</a>';
    resulttable.parentElement.insertBefore(showhideall, resulttable);

    // Add show/hide link to each result
    find_all('.col-result').forEach(function(elem) {
        var collapsed = get_query_parameter('collapsed') || 'Passed';
        var extras = elem.parentNode.nextElementSibling;
        var expandcollapse = document.createElement("span");
        if (extras.classList.contains("collapsed")) {
            expandcollapse.classList.add("expander")
        } else if (collapsed.includes(elem.innerHTML)) {
            extras.classList.add("collapsed");
            expandcollapse.classList.add("expander");
        } else {
            expandcollapse.classList.add("collapser");
        }
        elem.appendChild(expandcollapse);

        elem.addEventListener("click", function(event) {
            if (event.currentTarget.parentNode.nextElementSibling.classList.contains("collapsed")) {
                show_extras(event.currentTarget);
            } else {
                hide_extras(event.currentTarget);
            }
        });
    })
}

function get_query_parameter(name) {
    var match = RegExp('[?&]' + name + '=([^&]*)').exec(window.location.search);
    return match && decodeURIComponent(match[1].replace(/\+/g, ' '));
}

function init () {
    reset_sort_headers();

    add_collapse();

    show_filters();

    sort_column(find('.initial-sort'));

    find_all('.sortable').forEach(function(elem) {
        elem.addEventListener("click",
                              function(event) {
                                  sort_column(elem);
                              }, false)
    });

};

function sort_table(clicked, key_func) {
    var rows = find_all('.results-table-row');
    var reversed = !clicked.classList.contains('asc');
    var sorted_rows = sort(rows, key_func, reversed);
    /* Whole table is removed here because browsers acts much slower
     * when appending existing elements.
     */
    var thead = document.getElementById("results-table-head");
    document.getElementById('results-table').remove();
    var parent = document.createElement("table");
    parent.id = "results-table";
    parent.appendChild(thead);
    sorted_rows.forEach(function(elem) {
        parent.appendChild(elem);
    });
    document.getElementsByTagName("BODY")[0].appendChild(parent);
}

function sort(items, key_func, reversed) {
    var sort_array = items.map(function(item, i) {
        return [key_func(item), i];
    });

    sort_array.sort(function(a, b) {
        var key_a = a[0];
        var key_b = b[0];

        if (key_a == key_b) return 0;

        if (reversed) {
            return (key_a < key_b ? 1 : -1);
        } else {
            return (key_a > key_b ? 1 : -1);
        }
    });

    return sort_array.map(function(item) {
        var index = item[1];
        return items[index];
    });
}

function key_alpha(col_index) {
    return function(elem) {
        return elem.childNodes[1].childNodes[col_index].firstChild.data.toLowerCase();
    };
}

function key_num(col_index) {
    return function(elem) {
        return parseFloat(elem.childNodes[1].childNodes[col_index].firstChild.data);
    };
}

function key_result(col_index) {
    return function(elem) {
        var strings = ['Error', 'Failed', 'Rerun', 'XFailed', 'XPassed',
                       'Skipped', 'Passed'];
        return strings.indexOf(elem.childNodes[1].childNodes[col_index].firstChild.data);
    };
}

function reset_sort_headers() {
    find_all('.sort-icon').forEach(function(elem) {
        elem.parentNode.removeChild(elem);
    });
    find_all('.sortable').forEach(function(elem) {
        var icon = document.createElement("div");
        icon.className = "sort-icon";
        icon.textContent = "vvv";
        elem.insertBefore(icon, elem.firstChild);
        elem.classList.remove("desc", "active");
        elem.classList.add("asc", "inactive");
    });
}

function toggle_sort_states(elem) {
    //if active, toggle between asc and desc
    if (elem.classList.contains('active')) {
        elem.classList.toggle('asc');
        elem.classList.toggle('desc');
    }

    //if inactive, reset all other functions and add ascending active
    if (elem.classList.contains('inactive')) {
        reset_sort_headers();
        elem.classList.remove('inactive');
        elem.classList.add('active');
    }
}

function is_all_rows_hidden(value) {
  return value.hidden == false;
}

function filter_table(elem) {
    var outcome_att = "data-test-result";
    var outcome = elem.getAttribute(outcome_att);
    class_outcome = outcome + " results-table-row";
    var outcome_rows = document.getElementsByClassName(class_outcome);

    for(var i = 0; i < outcome_rows.length; i++){
        outcome_rows[i].hidden = !elem.checked;
    }

    var rows = find_all('.results-table-row').filter(is_all_rows_hidden);
    var all_rows_hidden = rows.length == 0 ? true : false;
    var not_found_message = document.getElementById("not-found-message");
    not_found_message.hidden = !all_rows_hidden;
}
</script>
    <h1>pom.html</h1>
    <p>Report generated on 12-Apr-2022 at 16:46:34 by <a href="https://pypi.python.org/pypi/pytest-html">pytest-html</a> v2.1.1</p>
    <h2>Environment</h2>
    <table id="environment">
      <tr>
        <td>JAVA_HOME</td>
        <td>C:\Program Files\Java\jdk1.8.0_202</td></tr>
      <tr>
        <td>Packages</td>
        <td>{"pluggy": "0.13.0", "py": "1.10.0", "pytest": "7.1.1"}</td></tr>
      <tr>
        <td>Platform</td>
        <td>Windows-10-10.0.19044-SP0</td></tr>
      <tr>
        <td>Plugins</td>
        <td>{"allure-pytest": "2.9.45", "forked": "1.4.0", "html": "2.1.1", "metadata": "1.10.0", "order": "1.0.1", "xdist": "2.5.0"}</td></tr>
      <tr>
        <td>Project Name</td>
        <td>Sauce Demo</td></tr>
      <tr>
        <td>Python</td>
        <td>3.10.2</td></tr>
      <tr>
        <td>Tester</td>
        <td>Saurav</td></tr></table>
    <h2>Summary</h2>
    <p>21 tests ran in 74.23 seconds. </p>
    <p class="filter" hidden="true">(Un)check the boxes to filter the results.</p><input checked="true" class="filter" data-test-result="passed" hidden="true" name="filter_checkbox" onChange="filter_table(this)" type="checkbox"/><span class="passed">18 passed</span>, <input checked="true" class="filter" data-test-result="skipped" disabled="true" hidden="true" name="filter_checkbox" onChange="filter_table(this)" type="checkbox"/><span class="skipped">0 skipped</span>, <input checked="true" class="filter" data-test-result="failed" hidden="true" name="filter_checkbox" onChange="filter_table(this)" type="checkbox"/><span class="failed">3 failed</span>, <input checked="true" class="filter" data-test-result="error" disabled="true" hidden="true" name="filter_checkbox" onChange="filter_table(this)" type="checkbox"/><span class="error">0 errors</span>, <input checked="true" class="filter" data-test-result="xfailed" disabled="true" hidden="true" name="filter_checkbox" onChange="filter_table(this)" type="checkbox"/><span class="xfailed">0 expected failures</span>, <input checked="true" class="filter" data-test-result="xpassed" disabled="true" hidden="true" name="filter_checkbox" onChange="filter_table(this)" type="checkbox"/><span class="xpassed">0 unexpected passes</span>
    <h2>Results</h2>
    <table id="results-table">
      <thead id="results-table-head">
        <tr>
          <th class="sortable result initial-sort" col="result">Result</th>
          <th class="sortable" col="name">Test</th>
          <th class="sortable numeric" col="duration">Duration</th>
          <th>Links</th></tr>
        <tr hidden="true" id="not-found-message">
          <th colspan="4">No results found. Try to check the filters</th></tr></thead>
      <tbody class="failed results-table-row">
        <tr>
          <td class="col-result">Failed</td>
          <td class="col-name">Tests/test_CheckoutCompletePage.py::Test_CheckoutCompletePage::test_verify_checkout_complete_page_message[chrome]</td>
          <td class="col-duration">17.65</td>
          <td class="col-links"></td></tr>
        <tr>
          <td class="extra" colspan="4">
            <div class="log">self = &lt;Tests.test_CheckoutCompletePage.Test_CheckoutCompletePage object at 0x00000298D2C39E40&gt;<br/><br/>    @pytest.mark.order(3)<br/>    def test_verify_checkout_complete_page_message(self):<br/>        self.loginPage = LoginPage(self.driver)<br/>        homePage = self.loginPage.do_login()<br/>        self.homePage = HomePage(self.driver)<br/>        homePage.do_shopping()<br/>        self.addToCart = AddToCartPage(self.driver)<br/>        self.addToCart.is_items_exist_in_cart()<br/>        self.addToCart.do_click_checkout_button()<br/>        self.checkInfo = CheckoutYourInfoPage(self.driver)<br/>        self.checkInfo.do_enter_your_info()<br/>        self.checkoutOverview = CheckoutOverviewPage(self.driver)<br/>        self.checkoutOverview.is_items_getting_displayed_in_cart()<br/>        self.checkoutOverview.do_click_on_finish_button()<br/>        checkoutcomplete = CheckoutCompletePage(self.driver)<br/>&gt;       checkoutcompletepageordermsg = checkoutcomplete.get_element_text(Locators.CHECKOUT_COMPLETE_PAGE_ORDER_MESSAGE)<br/><br/>Tests\test_CheckoutCompletePage.py:72: <br/>_ _ _ _ _ _ _ _ _ _ _ _ _ _ _ _ _ _ _ _ _ _ _ _ _ _ _ _ _ _ _ _ _ _ _ _ _ _ _ _ <br/>Pages\BasePage.py:19: in get_element_text<br/>    element = WebDriverWait(self.driver, 10).until(EC.visibility_of_element_located(by_locator))<br/>_ _ _ _ _ _ _ _ _ _ _ _ _ _ _ _ _ _ _ _ _ _ _ _ _ _ _ _ _ _ _ _ _ _ _ _ _ _ _ _ <br/><br/>self = &lt;selenium.webdriver.support.wait.WebDriverWait (session=&quot;6925cb07cbaadc95bc61fadbd07b1fcc&quot;)&gt;<br/>method = &lt;selenium.webdriver.support.expected_conditions.visibility_of_element_located object at 0x00000298D2D4CB20&gt;, message = &#x27;&#x27;<br/><br/>    def until(self, method, message=&#x27;&#x27;):<br/>        &quot;&quot;&quot;Calls the method provided with the driver as an argument until the \<br/>        return value is not False.&quot;&quot;&quot;<br/>        screen = None<br/>        stacktrace = None<br/>    <br/>        end_time = time.time() + self._timeout<br/>        while True:<br/>            try:<br/>                value = method(self._driver)<br/>                if value:<br/>                    return value<br/>            except self._ignored_exceptions as exc:<br/>                screen = getattr(exc, &#x27;screen&#x27;, None)<br/>                stacktrace = getattr(exc, &#x27;stacktrace&#x27;, None)<br/>            time.sleep(self._poll)<br/>            if time.time() &gt; end_time:<br/>                break<br/>&gt;       raise TimeoutException(message, screen, stacktrace)<br/><span class="error">E       selenium.common.exceptions.TimeoutException: Message:</span><br/><br/>..\..\..\AppData\Local\Programs\Python\Python310\lib\site-packages\selenium\webdriver\support\wait.py:80: TimeoutException<br/> -----------------------------Captured stderr setup------------------------------ <br/>

====== WebDriver manager ======
Current google-chrome version is 100.0.4896
Get LATEST driver version for 100.0.4896
Driver [C:\Users\SauravSharma\.wdm\drivers\chromedriver\win32\100.0.4896.60\chromedriver.exe] found in cache
<br/> -------------------------------Captured log setup------------------------------- <br/>[32mINFO    [0m WDM:logger.py:12 

[32mINFO    [0m WDM:logger.py:12 ====== WebDriver manager ======
[32mINFO    [0m WDM:logger.py:12 Current google-chrome version is 100.0.4896
[32mINFO    [0m WDM:logger.py:12 Get LATEST driver version for 100.0.4896
[32mINFO    [0m WDM:logger.py:12 Driver [C:\Users\SauravSharma\.wdm\drivers\chromedriver\win32\100.0.4896.60\chromedriver.exe] found in cache<br/> ------------------------------Captured stdout call------------------------------ <br/>[&#x27;Sauce Labs Backpack&#x27;]
[&#x27;Sauce Labs Backpack&#x27;, &#x27;Sauce Labs Bike Light&#x27;]
[&#x27;Sauce Labs Backpack&#x27;, &#x27;Sauce Labs Bike Light&#x27;, &#x27;Sauce Labs Bolt T-Shirt&#x27;]
[&#x27;Sauce Labs Backpack&#x27;, &#x27;Sauce Labs Bike Light&#x27;, &#x27;Sauce Labs Bolt T-Shirt&#x27;, &#x27;Sauce Labs Fleece Jacket&#x27;]
[&#x27;Sauce Labs Backpack&#x27;, &#x27;Sauce Labs Bike Light&#x27;, &#x27;Sauce Labs Bolt T-Shirt&#x27;, &#x27;Sauce Labs Fleece Jacket&#x27;, &#x27;Sauce Labs Onesie&#x27;]
[&#x27;Sauce Labs Backpack&#x27;, &#x27;Sauce Labs Bike Light&#x27;, &#x27;Sauce Labs Bolt T-Shirt&#x27;, &#x27;Sauce Labs Fleece Jacket&#x27;, &#x27;Sauce Labs Onesie&#x27;, &#x27;Test.allTheThings() T-Shirt (Red)&#x27;]
[&#x27;Sauce Labs Backpack&#x27;]
[&#x27;Sauce Labs Backpack&#x27;, &#x27;Sauce Labs Bike Light&#x27;]
[&#x27;Sauce Labs Backpack&#x27;, &#x27;Sauce Labs Bike Light&#x27;, &#x27;Sauce Labs Bolt T-Shirt&#x27;]
[&#x27;Sauce Labs Backpack&#x27;, &#x27;Sauce Labs Bike Light&#x27;, &#x27;Sauce Labs Bolt T-Shirt&#x27;, &#x27;Sauce Labs Fleece Jacket&#x27;]
[&#x27;Sauce Labs Backpack&#x27;, &#x27;Sauce Labs Bike Light&#x27;, &#x27;Sauce Labs Bolt T-Shirt&#x27;, &#x27;Sauce Labs Fleece Jacket&#x27;, &#x27;Sauce Labs Onesie&#x27;]
[&#x27;Sauce Labs Backpack&#x27;, &#x27;Sauce Labs Bike Light&#x27;, &#x27;Sauce Labs Bolt T-Shirt&#x27;, &#x27;Sauce Labs Fleece Jacket&#x27;, &#x27;Sauce Labs Onesie&#x27;, &#x27;Test.allTheThings() T-Shirt (Red)&#x27;]
<br/></div></td></tr></tbody>
      <tbody class="failed results-table-row">
        <tr>
          <td class="col-result">Failed</td>
          <td class="col-name">Tests/test_AddToCartPage.py::Test_AddTOCartPage::test_verify_item_in_cart[chrome]</td>
          <td class="col-duration">1.27</td>
          <td class="col-links"></td></tr>
        <tr>
          <td class="extra" colspan="4">
            <div class="log">self = &lt;Tests.test_AddToCartPage.Test_AddTOCartPage object at 0x00000298D2C394B0&gt;<br/><br/>    @pytest.mark.order()<br/>    def test_verify_item_in_cart(self):<br/>        self.loginPage = LoginPage(self.driver)<br/>        homePage = self.loginPage.do_login()<br/>        homePage.do_shopping()<br/>        addToCart = AddToCartPage(self.driver)<br/>&gt;       addToCart.is_items_exist_in_cart()<br/><br/>Tests\test_AddToCartPage.py:34: <br/>_ _ _ _ _ _ _ _ _ _ _ _ _ _ _ _ _ _ _ _ _ _ _ _ _ _ _ _ _ _ _ _ _ _ _ _ _ _ _ _ <br/>Pages\AddToCartPage.py:22: in is_items_exist_in_cart<br/>    searchIconPresence  = self.driver.find_element_by_xpath(<br/>..\..\..\AppData\Local\Programs\Python\Python310\lib\site-packages\selenium\webdriver\remote\webdriver.py:394: in find_element_by_xpath<br/>    return self.find_element(by=By.XPATH, value=xpath)<br/>..\..\..\AppData\Local\Programs\Python\Python310\lib\site-packages\selenium\webdriver\remote\webdriver.py:976: in find_element<br/>    return self.execute(Command.FIND_ELEMENT, {<br/>..\..\..\AppData\Local\Programs\Python\Python310\lib\site-packages\selenium\webdriver\remote\webdriver.py:321: in execute<br/>    self.error_handler.check_response(response)<br/>_ _ _ _ _ _ _ _ _ _ _ _ _ _ _ _ _ _ _ _ _ _ _ _ _ _ _ _ _ _ _ _ _ _ _ _ _ _ _ _ <br/><br/>self = &lt;selenium.webdriver.remote.errorhandler.ErrorHandler object at 0x00000298D2DCEE60&gt;<br/>response = {&#x27;status&#x27;: 404, &#x27;value&#x27;: &#x27;{&quot;value&quot;:{&quot;error&quot;:&quot;no such element&quot;,&quot;message&quot;:&quot;no such element: Unable to locate element: {\...\n\\tRtlGetAppContainerNamedObjectPath [0x77E37A7E+286]\\n\\tRtlGetAppContainerNamedObjectPath [0x77E37A4E+238]\\n&quot;}}&#x27;}<br/><br/>    def check_response(self, response):<br/>        &quot;&quot;&quot;<br/>        Checks that a JSON response from the WebDriver does not have an error.<br/>    <br/>        :Args:<br/>         - response - The JSON response from the WebDriver server as a dictionary<br/>           object.<br/>    <br/>        :Raises: If the response contains an error message.<br/>        &quot;&quot;&quot;<br/>        status = response.get(&#x27;status&#x27;, None)<br/>        if status is None or status == ErrorCode.SUCCESS:<br/>            return<br/>        value = None<br/>        message = response.get(&quot;message&quot;, &quot;&quot;)<br/>        screen = response.get(&quot;screen&quot;, &quot;&quot;)<br/>        stacktrace = None<br/>        if isinstance(status, int):<br/>            value_json = response.get(&#x27;value&#x27;, None)<br/>            if value_json and isinstance(value_json, basestring):<br/>                import json<br/>                try:<br/>                    value = json.loads(value_json)<br/>                    if len(value.keys()) == 1:<br/>                        value = value[&#x27;value&#x27;]<br/>                    status = value.get(&#x27;error&#x27;, None)<br/>                    if status is None:<br/>                        status = value[&quot;status&quot;]<br/>                        message = value[&quot;value&quot;]<br/>                        if not isinstance(message, basestring):<br/>                            value = message<br/>                            message = message.get(&#x27;message&#x27;)<br/>                    else:<br/>                        message = value.get(&#x27;message&#x27;, None)<br/>                except ValueError:<br/>                    pass<br/>    <br/>        exception_class = ErrorInResponseException<br/>        if status in ErrorCode.NO_SUCH_ELEMENT:<br/>            exception_class = NoSuchElementException<br/>        elif status in ErrorCode.NO_SUCH_FRAME:<br/>            exception_class = NoSuchFrameException<br/>        elif status in ErrorCode.NO_SUCH_WINDOW:<br/>            exception_class = NoSuchWindowException<br/>        elif status in ErrorCode.STALE_ELEMENT_REFERENCE:<br/>            exception_class = StaleElementReferenceException<br/>        elif status in ErrorCode.ELEMENT_NOT_VISIBLE:<br/>            exception_class = ElementNotVisibleException<br/>        elif status in ErrorCode.INVALID_ELEMENT_STATE:<br/>            exception_class = InvalidElementStateException<br/>        elif status in ErrorCode.INVALID_SELECTOR \<br/>                or status in ErrorCode.INVALID_XPATH_SELECTOR \<br/>                or status in ErrorCode.INVALID_XPATH_SELECTOR_RETURN_TYPER:<br/>            exception_class = InvalidSelectorException<br/>        elif status in ErrorCode.ELEMENT_IS_NOT_SELECTABLE:<br/>            exception_class = ElementNotSelectableException<br/>        elif status in ErrorCode.ELEMENT_NOT_INTERACTABLE:<br/>            exception_class = ElementNotInteractableException<br/>        elif status in ErrorCode.INVALID_COOKIE_DOMAIN:<br/>            exception_class = InvalidCookieDomainException<br/>        elif status in ErrorCode.UNABLE_TO_SET_COOKIE:<br/>            exception_class = UnableToSetCookieException<br/>        elif status in ErrorCode.TIMEOUT:<br/>            exception_class = TimeoutException<br/>        elif status in ErrorCode.SCRIPT_TIMEOUT:<br/>            exception_class = TimeoutException<br/>        elif status in ErrorCode.UNKNOWN_ERROR:<br/>            exception_class = WebDriverException<br/>        elif status in ErrorCode.UNEXPECTED_ALERT_OPEN:<br/>            exception_class = UnexpectedAlertPresentException<br/>        elif status in ErrorCode.NO_ALERT_OPEN:<br/>            exception_class = NoAlertPresentException<br/>        elif status in ErrorCode.IME_NOT_AVAILABLE:<br/>            exception_class = ImeNotAvailableException<br/>        elif status in ErrorCode.IME_ENGINE_ACTIVATION_FAILED:<br/>            exception_class = ImeActivationFailedException<br/>        elif status in ErrorCode.MOVE_TARGET_OUT_OF_BOUNDS:<br/>            exception_class = MoveTargetOutOfBoundsException<br/>        elif status in ErrorCode.JAVASCRIPT_ERROR:<br/>            exception_class = JavascriptException<br/>        elif status in ErrorCode.SESSION_NOT_CREATED:<br/>            exception_class = SessionNotCreatedException<br/>        elif status in ErrorCode.INVALID_ARGUMENT:<br/>            exception_class = InvalidArgumentException<br/>        elif status in ErrorCode.NO_SUCH_COOKIE:<br/>            exception_class = NoSuchCookieException<br/>        elif status in ErrorCode.UNABLE_TO_CAPTURE_SCREEN:<br/>            exception_class = ScreenshotException<br/>        elif status in ErrorCode.ELEMENT_CLICK_INTERCEPTED:<br/>            exception_class = ElementClickInterceptedException<br/>        elif status in ErrorCode.INSECURE_CERTIFICATE:<br/>            exception_class = InsecureCertificateException<br/>        elif status in ErrorCode.INVALID_COORDINATES:<br/>            exception_class = InvalidCoordinatesException<br/>        elif status in ErrorCode.INVALID_SESSION_ID:<br/>            exception_class = InvalidSessionIdException<br/>        elif status in ErrorCode.UNKNOWN_METHOD:<br/>            exception_class = UnknownMethodException<br/>        else:<br/>            exception_class = WebDriverException<br/>        if value == &#x27;&#x27; or value is None:<br/>            value = response[&#x27;value&#x27;]<br/>        if isinstance(value, basestring):<br/>            if exception_class == ErrorInResponseException:<br/>                raise exception_class(response, value)<br/>            raise exception_class(value)<br/>        if message == &quot;&quot; and &#x27;message&#x27; in value:<br/>            message = value[&#x27;message&#x27;]<br/>    <br/>        screen = None<br/>        if &#x27;screen&#x27; in value:<br/>            screen = value[&#x27;screen&#x27;]<br/>    <br/>        stacktrace = None<br/>        if &#x27;stackTrace&#x27; in value and value[&#x27;stackTrace&#x27;]:<br/>            stacktrace = []<br/>            try:<br/>                for frame in value[&#x27;stackTrace&#x27;]:<br/>                    line = self._value_or_default(frame, &#x27;lineNumber&#x27;, &#x27;&#x27;)<br/>                    file = self._value_or_default(frame, &#x27;fileName&#x27;, &#x27;&lt;anonymous&gt;&#x27;)<br/>                    if line:<br/>                        file = &quot;%s:%s&quot; % (file, line)<br/>                    meth = self._value_or_default(frame, &#x27;methodName&#x27;, &#x27;&lt;anonymous&gt;&#x27;)<br/>                    if &#x27;className&#x27; in frame:<br/>                        meth = &quot;%s.%s&quot; % (frame[&#x27;className&#x27;], meth)<br/>                    msg = &quot;    at %s (%s)&quot;<br/>                    msg = msg % (meth, file)<br/>                    stacktrace.append(msg)<br/>            except TypeError:<br/>                pass<br/>        if exception_class == ErrorInResponseException:<br/>            raise exception_class(response, message)<br/>        elif exception_class == UnexpectedAlertPresentException:<br/>            alert_text = None<br/>            if &#x27;data&#x27; in value:<br/>                alert_text = value[&#x27;data&#x27;].get(&#x27;text&#x27;)<br/>            elif &#x27;alert&#x27; in value:<br/>                alert_text = value[&#x27;alert&#x27;].get(&#x27;text&#x27;)<br/>            raise exception_class(message, screen, stacktrace, alert_text)<br/>&gt;       raise exception_class(message, screen, stacktrace)<br/><span class="error">E       selenium.common.exceptions.NoSuchElementException: Message: no such element: Unable to locate element: {&quot;method&quot;:&quot;xpath&quot;,&quot;selector&quot;:&quot;//*[text()=&#x27;Sauce Labs Backpack&#x27;]&quot;}</span><br/><span class="error">E         (Session info: chrome=100.0.4896.88)</span><br/><br/>..\..\..\AppData\Local\Programs\Python\Python310\lib\site-packages\selenium\webdriver\remote\errorhandler.py:242: NoSuchElementException<br/></div></td></tr></tbody>
      <tbody class="failed results-table-row">
        <tr>
          <td class="col-result">Failed</td>
          <td class="col-name">Tests/test_CheckoutOverviewPage.py::Test_CheckoutOverviewPage::test_verify_added_items_getting_displayed[chrome]</td>
          <td class="col-duration">0.81</td>
          <td class="col-links"></td></tr>
        <tr>
          <td class="extra" colspan="4">
            <div class="log">self = &lt;Tests.test_CheckoutOverviewPage.Test_CheckoutOverviewPage object at 0x00000298D2C3A3B0&gt;<br/><br/>    @pytest.mark.order()<br/>    def test_verify_added_items_getting_displayed(self):<br/>        self.loginPage = LoginPage(self.driver)<br/>        homePage = self.loginPage.do_login()<br/>        self.homePage = HomePage(self.driver)<br/>        homePage.do_shopping()<br/>        self.addToCart = AddToCartPage(self.driver)<br/>&gt;       self.addToCart.is_items_exist_in_cart()<br/><br/>Tests\test_CheckoutOverviewPage.py:44: <br/>_ _ _ _ _ _ _ _ _ _ _ _ _ _ _ _ _ _ _ _ _ _ _ _ _ _ _ _ _ _ _ _ _ _ _ _ _ _ _ _ <br/>Pages\AddToCartPage.py:22: in is_items_exist_in_cart<br/>    searchIconPresence  = self.driver.find_element_by_xpath(<br/>..\..\..\AppData\Local\Programs\Python\Python310\lib\site-packages\selenium\webdriver\remote\webdriver.py:394: in find_element_by_xpath<br/>    return self.find_element(by=By.XPATH, value=xpath)<br/>..\..\..\AppData\Local\Programs\Python\Python310\lib\site-packages\selenium\webdriver\remote\webdriver.py:976: in find_element<br/>    return self.execute(Command.FIND_ELEMENT, {<br/>..\..\..\AppData\Local\Programs\Python\Python310\lib\site-packages\selenium\webdriver\remote\webdriver.py:321: in execute<br/>    self.error_handler.check_response(response)<br/>_ _ _ _ _ _ _ _ _ _ _ _ _ _ _ _ _ _ _ _ _ _ _ _ _ _ _ _ _ _ _ _ _ _ _ _ _ _ _ _ <br/><br/>self = &lt;selenium.webdriver.remote.errorhandler.ErrorHandler object at 0x00000298D2D210F0&gt;<br/>response = {&#x27;status&#x27;: 404, &#x27;value&#x27;: &#x27;{&quot;value&quot;:{&quot;error&quot;:&quot;no such element&quot;,&quot;message&quot;:&quot;no such element: Unable to locate element: {\...\n\\tRtlGetAppContainerNamedObjectPath [0x77E37A7E+286]\\n\\tRtlGetAppContainerNamedObjectPath [0x77E37A4E+238]\\n&quot;}}&#x27;}<br/><br/>    def check_response(self, response):<br/>        &quot;&quot;&quot;<br/>        Checks that a JSON response from the WebDriver does not have an error.<br/>    <br/>        :Args:<br/>         - response - The JSON response from the WebDriver server as a dictionary<br/>           object.<br/>    <br/>        :Raises: If the response contains an error message.<br/>        &quot;&quot;&quot;<br/>        status = response.get(&#x27;status&#x27;, None)<br/>        if status is None or status == ErrorCode.SUCCESS:<br/>            return<br/>        value = None<br/>        message = response.get(&quot;message&quot;, &quot;&quot;)<br/>        screen = response.get(&quot;screen&quot;, &quot;&quot;)<br/>        stacktrace = None<br/>        if isinstance(status, int):<br/>            value_json = response.get(&#x27;value&#x27;, None)<br/>            if value_json and isinstance(value_json, basestring):<br/>                import json<br/>                try:<br/>                    value = json.loads(value_json)<br/>                    if len(value.keys()) == 1:<br/>                        value = value[&#x27;value&#x27;]<br/>                    status = value.get(&#x27;error&#x27;, None)<br/>                    if status is None:<br/>                        status = value[&quot;status&quot;]<br/>                        message = value[&quot;value&quot;]<br/>                        if not isinstance(message, basestring):<br/>                            value = message<br/>                            message = message.get(&#x27;message&#x27;)<br/>                    else:<br/>                        message = value.get(&#x27;message&#x27;, None)<br/>                except ValueError:<br/>                    pass<br/>    <br/>        exception_class = ErrorInResponseException<br/>        if status in ErrorCode.NO_SUCH_ELEMENT:<br/>            exception_class = NoSuchElementException<br/>        elif status in ErrorCode.NO_SUCH_FRAME:<br/>            exception_class = NoSuchFrameException<br/>        elif status in ErrorCode.NO_SUCH_WINDOW:<br/>            exception_class = NoSuchWindowException<br/>        elif status in ErrorCode.STALE_ELEMENT_REFERENCE:<br/>            exception_class = StaleElementReferenceException<br/>        elif status in ErrorCode.ELEMENT_NOT_VISIBLE:<br/>            exception_class = ElementNotVisibleException<br/>        elif status in ErrorCode.INVALID_ELEMENT_STATE:<br/>            exception_class = InvalidElementStateException<br/>        elif status in ErrorCode.INVALID_SELECTOR \<br/>                or status in ErrorCode.INVALID_XPATH_SELECTOR \<br/>                or status in ErrorCode.INVALID_XPATH_SELECTOR_RETURN_TYPER:<br/>            exception_class = InvalidSelectorException<br/>        elif status in ErrorCode.ELEMENT_IS_NOT_SELECTABLE:<br/>            exception_class = ElementNotSelectableException<br/>        elif status in ErrorCode.ELEMENT_NOT_INTERACTABLE:<br/>            exception_class = ElementNotInteractableException<br/>        elif status in ErrorCode.INVALID_COOKIE_DOMAIN:<br/>            exception_class = InvalidCookieDomainException<br/>        elif status in ErrorCode.UNABLE_TO_SET_COOKIE:<br/>            exception_class = UnableToSetCookieException<br/>        elif status in ErrorCode.TIMEOUT:<br/>            exception_class = TimeoutException<br/>        elif status in ErrorCode.SCRIPT_TIMEOUT:<br/>            exception_class = TimeoutException<br/>        elif status in ErrorCode.UNKNOWN_ERROR:<br/>            exception_class = WebDriverException<br/>        elif status in ErrorCode.UNEXPECTED_ALERT_OPEN:<br/>            exception_class = UnexpectedAlertPresentException<br/>        elif status in ErrorCode.NO_ALERT_OPEN:<br/>            exception_class = NoAlertPresentException<br/>        elif status in ErrorCode.IME_NOT_AVAILABLE:<br/>            exception_class = ImeNotAvailableException<br/>        elif status in ErrorCode.IME_ENGINE_ACTIVATION_FAILED:<br/>            exception_class = ImeActivationFailedException<br/>        elif status in ErrorCode.MOVE_TARGET_OUT_OF_BOUNDS:<br/>            exception_class = MoveTargetOutOfBoundsException<br/>        elif status in ErrorCode.JAVASCRIPT_ERROR:<br/>            exception_class = JavascriptException<br/>        elif status in ErrorCode.SESSION_NOT_CREATED:<br/>            exception_class = SessionNotCreatedException<br/>        elif status in ErrorCode.INVALID_ARGUMENT:<br/>            exception_class = InvalidArgumentException<br/>        elif status in ErrorCode.NO_SUCH_COOKIE:<br/>            exception_class = NoSuchCookieException<br/>        elif status in ErrorCode.UNABLE_TO_CAPTURE_SCREEN:<br/>            exception_class = ScreenshotException<br/>        elif status in ErrorCode.ELEMENT_CLICK_INTERCEPTED:<br/>            exception_class = ElementClickInterceptedException<br/>        elif status in ErrorCode.INSECURE_CERTIFICATE:<br/>            exception_class = InsecureCertificateException<br/>        elif status in ErrorCode.INVALID_COORDINATES:<br/>            exception_class = InvalidCoordinatesException<br/>        elif status in ErrorCode.INVALID_SESSION_ID:<br/>            exception_class = InvalidSessionIdException<br/>        elif status in ErrorCode.UNKNOWN_METHOD:<br/>            exception_class = UnknownMethodException<br/>        else:<br/>            exception_class = WebDriverException<br/>        if value == &#x27;&#x27; or value is None:<br/>            value = response[&#x27;value&#x27;]<br/>        if isinstance(value, basestring):<br/>            if exception_class == ErrorInResponseException:<br/>                raise exception_class(response, value)<br/>            raise exception_class(value)<br/>        if message == &quot;&quot; and &#x27;message&#x27; in value:<br/>            message = value[&#x27;message&#x27;]<br/>    <br/>        screen = None<br/>        if &#x27;screen&#x27; in value:<br/>            screen = value[&#x27;screen&#x27;]<br/>    <br/>        stacktrace = None<br/>        if &#x27;stackTrace&#x27; in value and value[&#x27;stackTrace&#x27;]:<br/>            stacktrace = []<br/>            try:<br/>                for frame in value[&#x27;stackTrace&#x27;]:<br/>                    line = self._value_or_default(frame, &#x27;lineNumber&#x27;, &#x27;&#x27;)<br/>                    file = self._value_or_default(frame, &#x27;fileName&#x27;, &#x27;&lt;anonymous&gt;&#x27;)<br/>                    if line:<br/>                        file = &quot;%s:%s&quot; % (file, line)<br/>                    meth = self._value_or_default(frame, &#x27;methodName&#x27;, &#x27;&lt;anonymous&gt;&#x27;)<br/>                    if &#x27;className&#x27; in frame:<br/>                        meth = &quot;%s.%s&quot; % (frame[&#x27;className&#x27;], meth)<br/>                    msg = &quot;    at %s (%s)&quot;<br/>                    msg = msg % (meth, file)<br/>                    stacktrace.append(msg)<br/>            except TypeError:<br/>                pass<br/>        if exception_class == ErrorInResponseException:<br/>            raise exception_class(response, message)<br/>        elif exception_class == UnexpectedAlertPresentException:<br/>            alert_text = None<br/>            if &#x27;data&#x27; in value:<br/>                alert_text = value[&#x27;data&#x27;].get(&#x27;text&#x27;)<br/>            elif &#x27;alert&#x27; in value:<br/>                alert_text = value[&#x27;alert&#x27;].get(&#x27;text&#x27;)<br/>            raise exception_class(message, screen, stacktrace, alert_text)<br/>&gt;       raise exception_class(message, screen, stacktrace)<br/><span class="error">E       selenium.common.exceptions.NoSuchElementException: Message: no such element: Unable to locate element: {&quot;method&quot;:&quot;xpath&quot;,&quot;selector&quot;:&quot;//*[text()=&#x27;Sauce Labs Backpack&#x27;]&quot;}</span><br/><span class="error">E         (Session info: chrome=100.0.4896.88)</span><br/><br/>..\..\..\AppData\Local\Programs\Python\Python310\lib\site-packages\selenium\webdriver\remote\errorhandler.py:242: NoSuchElementException<br/></div></td></tr></tbody>
      <tbody class="passed results-table-row">
        <tr>
          <td class="col-result">Passed</td>
          <td class="col-name">Tests/test_LoginPage.py::Test_Login::test_verify_login_page_title[chrome]</td>
          <td class="col-duration">0.88</td>
          <td class="col-links"></td></tr>
        <tr>
          <td class="extra" colspan="4">
            <div class="log"> -----------------------------Captured stderr setup------------------------------ <br/>

====== WebDriver manager ======
Current google-chrome version is 100.0.4896
Get LATEST driver version for 100.0.4896
Driver [C:\Users\SauravSharma\.wdm\drivers\chromedriver\win32\100.0.4896.60\chromedriver.exe] found in cache
<br/> -------------------------------Captured log setup------------------------------- <br/>[32mINFO    [0m WDM:logger.py:22 

[32mINFO    [0m WDM:logger.py:12 ====== WebDriver manager ======
[32mINFO    [0m WDM:logger.py:12 Current google-chrome version is 100.0.4896
[32mINFO    [0m WDM:logger.py:12 Get LATEST driver version for 100.0.4896
[32mINFO    [0m WDM:logger.py:12 Driver [C:\Users\SauravSharma\.wdm\drivers\chromedriver\win32\100.0.4896.60\chromedriver.exe] found in cache<br/></div></td></tr></tbody>
      <tbody class="passed results-table-row">
        <tr>
          <td class="col-result">Passed</td>
          <td class="col-name">Tests/test_CheckoutCompletePage.py::Test_CheckoutCompletePage::test_verify_checkout_overview_page_header[chrome]</td>
          <td class="col-duration">7.07</td>
          <td class="col-links"></td></tr>
        <tr>
          <td class="extra" colspan="4">
            <div class="log"> -----------------------------Captured stderr setup------------------------------ <br/>

====== WebDriver manager ======
Current google-chrome version is 100.0.4896
Get LATEST driver version for 100.0.4896
Driver [C:\Users\SauravSharma\.wdm\drivers\chromedriver\win32\100.0.4896.60\chromedriver.exe] found in cache
<br/> -------------------------------Captured log setup------------------------------- <br/>[32mINFO    [0m WDM:logger.py:12 

[32mINFO    [0m WDM:logger.py:12 ====== WebDriver manager ======
[32mINFO    [0m WDM:logger.py:12 Current google-chrome version is 100.0.4896
[32mINFO    [0m WDM:logger.py:12 Get LATEST driver version for 100.0.4896
[32mINFO    [0m WDM:logger.py:12 Driver [C:\Users\SauravSharma\.wdm\drivers\chromedriver\win32\100.0.4896.60\chromedriver.exe] found in cache<br/></div></td></tr></tbody>
      <tbody class="passed results-table-row">
        <tr>
          <td class="col-result">Passed</td>
          <td class="col-name">Tests/test_LoginPage.py::Test_Login::test_verify_login_into_app[chrome]</td>
          <td class="col-duration">1.16</td>
          <td class="col-links"></td></tr>
        <tr>
          <td class="extra" colspan="4">
            <div class="log"> -----------------------------Captured stderr setup------------------------------ <br/>

====== WebDriver manager ======
Current google-chrome version is 100.0.4896
Get LATEST driver version for 100.0.4896
Driver [C:\Users\SauravSharma\.wdm\drivers\chromedriver\win32\100.0.4896.60\chromedriver.exe] found in cache
<br/> -------------------------------Captured log setup------------------------------- <br/>[32mINFO    [0m WDM:logger.py:12 

[32mINFO    [0m WDM:logger.py:12 ====== WebDriver manager ======
[32mINFO    [0m WDM:logger.py:12 Current google-chrome version is 100.0.4896
[32mINFO    [0m WDM:logger.py:12 Get LATEST driver version for 100.0.4896
[32mINFO    [0m WDM:logger.py:12 Driver [C:\Users\SauravSharma\.wdm\drivers\chromedriver\win32\100.0.4896.60\chromedriver.exe] found in cache<br/></div></td></tr></tbody>
      <tbody class="passed results-table-row">
        <tr>
          <td class="col-result">Passed</td>
          <td class="col-name">Tests/test_LoginPage.py::Test_Login::test_verify_login_into_app_with_incorrect_credentials[chrome]</td>
          <td class="col-duration">1.13</td>
          <td class="col-links"></td></tr>
        <tr>
          <td class="extra" colspan="4">
            <div class="log"> -----------------------------Captured stderr setup------------------------------ <br/>

====== WebDriver manager ======
Current google-chrome version is 100.0.4896
Get LATEST driver version for 100.0.4896
Driver [C:\Users\SauravSharma\.wdm\drivers\chromedriver\win32\100.0.4896.60\chromedriver.exe] found in cache
<br/> -------------------------------Captured log setup------------------------------- <br/>[32mINFO    [0m WDM:logger.py:12 

[32mINFO    [0m WDM:logger.py:12 ====== WebDriver manager ======
[32mINFO    [0m WDM:logger.py:12 Current google-chrome version is 100.0.4896
[32mINFO    [0m WDM:logger.py:12 Get LATEST driver version for 100.0.4896
[32mINFO    [0m WDM:logger.py:12 Driver [C:\Users\SauravSharma\.wdm\drivers\chromedriver\win32\100.0.4896.60\chromedriver.exe] found in cache<br/></div></td></tr></tbody>
      <tbody class="passed results-table-row">
        <tr>
          <td class="col-result">Passed</td>
          <td class="col-name">Tests/test_AddToCartPage.py::Test_AddTOCartPage::test_verify_cart_page_title[chrome]</td>
          <td class="col-duration">1.44</td>
          <td class="col-links"></td></tr>
        <tr>
          <td class="extra" colspan="4">
            <div class="log"> -----------------------------Captured stderr setup------------------------------ <br/>

====== WebDriver manager ======
Current google-chrome version is 100.0.4896
Get LATEST driver version for 100.0.4896
Driver [C:\Users\SauravSharma\.wdm\drivers\chromedriver\win32\100.0.4896.60\chromedriver.exe] found in cache
<br/> -------------------------------Captured log setup------------------------------- <br/>[32mINFO    [0m WDM:logger.py:12 

[32mINFO    [0m WDM:logger.py:12 ====== WebDriver manager ======
[32mINFO    [0m WDM:logger.py:12 Current google-chrome version is 100.0.4896
[32mINFO    [0m WDM:logger.py:12 Get LATEST driver version for 100.0.4896
[32mINFO    [0m WDM:logger.py:12 Driver [C:\Users\SauravSharma\.wdm\drivers\chromedriver\win32\100.0.4896.60\chromedriver.exe] found in cache<br/></div></td></tr></tbody>
      <tbody class="passed results-table-row">
        <tr>
          <td class="col-result">Passed</td>
          <td class="col-name">Tests/test_CheckoutOverviewPage.py::Test_CheckoutOverviewPage::test_verify_checkout_overview_page_header[chrome]</td>
          <td class="col-duration">1.88</td>
          <td class="col-links"></td></tr>
        <tr>
          <td class="extra" colspan="4">
            <div class="log"> -----------------------------Captured stderr setup------------------------------ <br/>

====== WebDriver manager ======
Current google-chrome version is 100.0.4896
Get LATEST driver version for 100.0.4896
Driver [C:\Users\SauravSharma\.wdm\drivers\chromedriver\win32\100.0.4896.60\chromedriver.exe] found in cache
<br/> -------------------------------Captured log setup------------------------------- <br/>[32mINFO    [0m WDM:logger.py:12 

[32mINFO    [0m WDM:logger.py:12 ====== WebDriver manager ======
[32mINFO    [0m WDM:logger.py:12 Current google-chrome version is 100.0.4896
[32mINFO    [0m WDM:logger.py:12 Get LATEST driver version for 100.0.4896
[32mINFO    [0m WDM:logger.py:12 Driver [C:\Users\SauravSharma\.wdm\drivers\chromedriver\win32\100.0.4896.60\chromedriver.exe] found in cache<br/></div></td></tr></tbody>
      <tbody class="passed results-table-row">
        <tr>
          <td class="col-result">Passed</td>
          <td class="col-name">Tests/test_CheckoutYourInfoPage.py::Test_CheckoutYourInfoPage::test_verify_checkout_your_info_page_header[chrome]</td>
          <td class="col-duration">1.88</td>
          <td class="col-links"></td></tr>
        <tr>
          <td class="extra" colspan="4">
            <div class="log"> -----------------------------Captured stderr setup------------------------------ <br/>

====== WebDriver manager ======
Current google-chrome version is 100.0.4896
Get LATEST driver version for 100.0.4896
Driver [C:\Users\SauravSharma\.wdm\drivers\chromedriver\win32\100.0.4896.60\chromedriver.exe] found in cache
<br/> -------------------------------Captured log setup------------------------------- <br/>[32mINFO    [0m WDM:logger.py:12 

[32mINFO    [0m WDM:logger.py:12 ====== WebDriver manager ======
[32mINFO    [0m WDM:logger.py:12 Current google-chrome version is 100.0.4896
[32mINFO    [0m WDM:logger.py:12 Get LATEST driver version for 100.0.4896
[32mINFO    [0m WDM:logger.py:12 Driver [C:\Users\SauravSharma\.wdm\drivers\chromedriver\win32\100.0.4896.60\chromedriver.exe] found in cache<br/></div></td></tr></tbody>
      <tbody class="passed results-table-row">
        <tr>
          <td class="col-result">Passed</td>
          <td class="col-name">Tests/test_CheckoutYourInfoPage.py::Test_CheckoutYourInfoPage::test_verify_enter_info_in_cart[chrome]</td>
          <td class="col-duration">2.17</td>
          <td class="col-links"></td></tr>
        <tr>
          <td class="extra" colspan="4">
            <div class="empty log">No log output captured.</div></td></tr></tbody>
      <tbody class="passed results-table-row">
        <tr>
          <td class="col-result">Passed</td>
          <td class="col-name">Tests/test_HomePage.py::Test_Home::test_verify_home_page_title[chrome]</td>
          <td class="col-duration">1.57</td>
          <td class="col-links"></td></tr>
        <tr>
          <td class="extra" colspan="4">
            <div class="log"> -----------------------------Captured stderr setup------------------------------ <br/>

====== WebDriver manager ======
Current google-chrome version is 100.0.4896
Get LATEST driver version for 100.0.4896
Driver [C:\Users\SauravSharma\.wdm\drivers\chromedriver\win32\100.0.4896.60\chromedriver.exe] found in cache
<br/> -------------------------------Captured log setup------------------------------- <br/>[32mINFO    [0m WDM:logger.py:12 

[32mINFO    [0m WDM:logger.py:12 ====== WebDriver manager ======
[32mINFO    [0m WDM:logger.py:12 Current google-chrome version is 100.0.4896
[32mINFO    [0m WDM:logger.py:12 Get LATEST driver version for 100.0.4896
[32mINFO    [0m WDM:logger.py:12 Driver [C:\Users\SauravSharma\.wdm\drivers\chromedriver\win32\100.0.4896.60\chromedriver.exe] found in cache<br/></div></td></tr></tbody>
      <tbody class="passed results-table-row">
        <tr>
          <td class="col-result">Passed</td>
          <td class="col-name">Tests/test_HomePage.py::Test_Home::test_verify_home_page_header[chrome]</td>
          <td class="col-duration">0.92</td>
          <td class="col-links"></td></tr>
        <tr>
          <td class="extra" colspan="4">
            <div class="empty log">No log output captured.</div></td></tr></tbody>
      <tbody class="passed results-table-row">
        <tr>
          <td class="col-result">Passed</td>
          <td class="col-name">Tests/test_HomePage.py::Test_Home::test_verify_cart_icon_visible[chrome]</td>
          <td class="col-duration">0.99</td>
          <td class="col-links"></td></tr>
        <tr>
          <td class="extra" colspan="4">
            <div class="empty log">No log output captured.</div></td></tr></tbody>
      <tbody class="passed results-table-row">
        <tr>
          <td class="col-result">Passed</td>
          <td class="col-name">Tests/test_HomePage.py::Test_Home::test_verify_product_sort_container[chrome]</td>
          <td class="col-duration">1.33</td>
          <td class="col-links"></td></tr>
        <tr>
          <td class="extra" colspan="4">
            <div class="log"> ------------------------------Captured stdout call------------------------------ <br/>&lt;selenium.webdriver.remote.webelement.WebElement (session=&quot;08dee5fd9b883f899f564ceb4ab9dd44&quot;, element=&quot;2ac86e37-38f4-41f0-9185-7575ff46de3c&quot;)&gt;
&lt;selenium.webdriver.remote.webelement.WebElement (session=&quot;08dee5fd9b883f899f564ceb4ab9dd44&quot;, element=&quot;7bd1edc2-6479-40e6-90ef-31ca8d12fc70&quot;)&gt;
&lt;selenium.webdriver.remote.webelement.WebElement (session=&quot;08dee5fd9b883f899f564ceb4ab9dd44&quot;, element=&quot;bca1cad2-07c7-49bf-b0e7-40161d8ccab0&quot;)&gt;
<br/></div></td></tr></tbody>
      <tbody class="passed results-table-row">
        <tr>
          <td class="col-result">Passed</td>
          <td class="col-name">Tests/test_HomePage.py::Test_Home::test_verify_shopping[chrome]</td>
          <td class="col-duration">1.19</td>
          <td class="col-links"></td></tr>
        <tr>
          <td class="extra" colspan="4">
            <div class="empty log">No log output captured.</div></td></tr></tbody>
      <tbody class="passed results-table-row">
        <tr>
          <td class="col-result">Passed</td>
          <td class="col-name">Tests/test_HomePage.py::Test_Home::test_verify_sorting_L_to_H[chrome]</td>
          <td class="col-duration">0.91</td>
          <td class="col-links"></td></tr>
        <tr>
          <td class="extra" colspan="4">
            <div class="log"> ------------------------------Captured stdout call------------------------------ <br/>[&#x27;7.99&#x27;]
[&#x27;7.99&#x27;, &#x27;9.99&#x27;]
[&#x27;7.99&#x27;, &#x27;9.99&#x27;, &#x27;15.99&#x27;]
[&#x27;7.99&#x27;, &#x27;9.99&#x27;, &#x27;15.99&#x27;, &#x27;15.99&#x27;]
[&#x27;7.99&#x27;, &#x27;9.99&#x27;, &#x27;15.99&#x27;, &#x27;15.99&#x27;, &#x27;29.99&#x27;]
[&#x27;7.99&#x27;, &#x27;9.99&#x27;, &#x27;15.99&#x27;, &#x27;15.99&#x27;, &#x27;29.99&#x27;, &#x27;49.99&#x27;]
<br/></div></td></tr></tbody>
      <tbody class="passed results-table-row">
        <tr>
          <td class="col-result">Passed</td>
          <td class="col-name">Tests/test_HomePage.py::Test_Home::test_verify_sorting_H_to_L[chrome]</td>
          <td class="col-duration">0.90</td>
          <td class="col-links"></td></tr>
        <tr>
          <td class="extra" colspan="4">
            <div class="log"> ------------------------------Captured stdout call------------------------------ <br/>[49.99]
[49.99, 29.99]
[49.99, 29.99, 15.99]
[49.99, 29.99, 15.99, 15.99]
[49.99, 29.99, 15.99, 15.99, 9.99]
[49.99, 29.99, 15.99, 15.99, 9.99, 7.99]
49.99
79.98
95.97
111.96
121.94999999999999
129.94
<br/></div></td></tr></tbody>
      <tbody class="passed results-table-row">
        <tr>
          <td class="col-result">Passed</td>
          <td class="col-name">Tests/test_HomePage.py::Test_Home::test_verify_sorting_Z_To_A[chrome]</td>
          <td class="col-duration">1.08</td>
          <td class="col-links"></td></tr>
        <tr>
          <td class="extra" colspan="4">
            <div class="log"> ------------------------------Captured stdout call------------------------------ <br/>[&#x27;Test.allTheThings() T-Shirt (Red)&#x27;]
[&#x27;Test.allTheThings() T-Shirt (Red)&#x27;, &#x27;Sauce Labs Onesie&#x27;]
[&#x27;Test.allTheThings() T-Shirt (Red)&#x27;, &#x27;Sauce Labs Onesie&#x27;, &#x27;Sauce Labs Fleece Jacket&#x27;]
[&#x27;Test.allTheThings() T-Shirt (Red)&#x27;, &#x27;Sauce Labs Onesie&#x27;, &#x27;Sauce Labs Fleece Jacket&#x27;, &#x27;Sauce Labs Bolt T-Shirt&#x27;]
[&#x27;Test.allTheThings() T-Shirt (Red)&#x27;, &#x27;Sauce Labs Onesie&#x27;, &#x27;Sauce Labs Fleece Jacket&#x27;, &#x27;Sauce Labs Bolt T-Shirt&#x27;, &#x27;Sauce Labs Bike Light&#x27;]
[&#x27;Test.allTheThings() T-Shirt (Red)&#x27;, &#x27;Sauce Labs Onesie&#x27;, &#x27;Sauce Labs Fleece Jacket&#x27;, &#x27;Sauce Labs Bolt T-Shirt&#x27;, &#x27;Sauce Labs Bike Light&#x27;, &#x27;Sauce Labs Backpack&#x27;]
<br/></div></td></tr></tbody>
      <tbody class="passed results-table-row">
        <tr>
          <td class="col-result">Passed</td>
          <td class="col-name">Tests/test_HomePage.py::Test_Home::test_verify_sorting_A_To_Z[chrome]</td>
          <td class="col-duration">0.88</td>
          <td class="col-links"></td></tr>
        <tr>
          <td class="extra" colspan="4">
            <div class="log"> ------------------------------Captured stdout call------------------------------ <br/>[&#x27;Sauce Labs Backpack&#x27;]
[&#x27;Sauce Labs Backpack&#x27;, &#x27;Sauce Labs Bike Light&#x27;]
[&#x27;Sauce Labs Backpack&#x27;, &#x27;Sauce Labs Bike Light&#x27;, &#x27;Sauce Labs Bolt T-Shirt&#x27;]
[&#x27;Sauce Labs Backpack&#x27;, &#x27;Sauce Labs Bike Light&#x27;, &#x27;Sauce Labs Bolt T-Shirt&#x27;, &#x27;Sauce Labs Fleece Jacket&#x27;]
[&#x27;Sauce Labs Backpack&#x27;, &#x27;Sauce Labs Bike Light&#x27;, &#x27;Sauce Labs Bolt T-Shirt&#x27;, &#x27;Sauce Labs Fleece Jacket&#x27;, &#x27;Sauce Labs Onesie&#x27;]
[&#x27;Sauce Labs Backpack&#x27;, &#x27;Sauce Labs Bike Light&#x27;, &#x27;Sauce Labs Bolt T-Shirt&#x27;, &#x27;Sauce Labs Fleece Jacket&#x27;, &#x27;Sauce Labs Onesie&#x27;, &#x27;Test.allTheThings() T-Shirt (Red)&#x27;]
<br/></div></td></tr></tbody>
      <tbody class="passed results-table-row">
        <tr>
          <td class="col-result">Passed</td>
          <td class="col-name">Tests/test_HomePage.py::Test_Home::test_verify_logout_into_app[chrome]</td>
          <td class="col-duration">1.28</td>
          <td class="col-links"></td></tr>
        <tr>
          <td class="extra" colspan="4">
            <div class="empty log">No log output captured.</div></td></tr></tbody></table></body></html>