{"name": "test_verify_checkout_complete_page_header[chrome]", "status": "broken", "statusDetails": {"message": "selenium.common.exceptions.TimeoutException: Message:", "trace": "self = <Tests.test_CheckoutCompletePage.Test_CheckoutCompletePage object at 0x000001D4186ACA90>\n\n    @pytest.mark.order(21)\n    def test_verify_checkout_complete_page_header(self):\n        loginPage = LoginPage(self.driver)\n>       homePage = loginPage.do_login()\n\nTests\\test_CheckoutCompletePage.py:25: \n_ _ _ _ _ _ _ _ _ _ _ _ _ _ _ _ _ _ _ _ _ _ _ _ _ _ _ _ _ _ _ _ _ _ _ _ _ _ _ _\nPages\\LoginPage.py:33: in do_login\n    self.do_send_keys(Locators.EMAIL, username)\nPages\\BasePage.py:16: in do_send_keys\n    WebDriverWait(self.driver, 10).until(EC.visibility_of_element_located(by_locator)).send_keys(text)\n_ _ _ _ _ _ _ _ _ _ _ _ _ _ _ _ _ _ _ _ _ _ _ _ _ _ _ _ _ _ _ _ _ _ _ _ _ _ _ _\n\nself = <selenium.webdriver.support.wait.WebDriverWait (session=\"267634058ffb0a9f487104d41e15a266\")>\nmethod = <selenium.webdriver.support.expected_conditions.visibility_of_element_located object at 0x000001D418758CA0>\nmessage = ''\n\n    def until(self, method, message=''):\n        \"\"\"Calls the method provided with the driver as an argument until the \\\n        return value is not False.\"\"\"\n        screen = None\n        stacktrace = None\n    \n        end_time = time.time() + self._timeout\n        while True:\n            try:\n                value = method(self._driver)\n                if value:\n                    return value\n            except self._ignored_exceptions as exc:\n                screen = getattr(exc, 'screen', None)\n                stacktrace = getattr(exc, 'stacktrace', None)\n            time.sleep(self._poll)\n            if time.time() > end_time:\n                break\n>       raise TimeoutException(message, screen, stacktrace)\nE       selenium.common.exceptions.TimeoutException: Message:\n\n..\\..\\AppData\\Local\\Programs\\Python\\Python310\\lib\\site-packages\\selenium\\webdriver\\support\\wait.py:80: TimeoutException"}, "attachments": [{"name": "log", "source": "f62e01ff-8212-4118-a063-e77528faa11b-attachment.txt", "type": "text/plain"}, {"name": "stderr", "source": "3cb63009-3cf3-456d-a9f0-b2459315f6c2-attachment.txt", "type": "text/plain"}], "parameters": [{"name": "init_driver", "value": "'chrome'"}], "start": 1649774811917, "stop": 1649774834800, "uuid": "7fd8a46d-a245-4c98-888b-a1eff9b1e34b", "historyId": "9ba826b3322a093d39d2d734b963b71f", "testCaseId": "c712a2d2f6f0dd20ec9ad3b822f0604c", "fullName": "Tests.test_CheckoutCompletePage.Test_CheckoutCompletePage#test_verify_checkout_complete_page_header", "labels": [{"name": "tag", "value": "order(21)"}, {"name": "tag", "value": "@pytest.mark.usefixtures('init_driver')"}, {"name": "parentSuite", "value": "Tests"}, {"name": "suite", "value": "test_CheckoutCompletePage"}, {"name": "subSuite", "value": "Test_CheckoutCompletePage"}, {"name": "host", "value": "MSDT120"}, {"name": "thread", "value": "48036-MainThread"}, {"name": "framework", "value": "pytest"}, {"name": "language", "value": "cpython3"}, {"name": "package", "value": "Tests.test_CheckoutCompletePage"}]}